<?xml version="1.0" encoding="UTF-8"?>
<!-- Generated by org.testng.reporters.JUnitXMLReporter -->
<testsuite hostname="PC177151" name="Command line test" tests="1" failures="0" timestamp="29 Dec 2015 09:08:27 GMT" time="0.016" errors="0">
  <testcase name="@BeforeMethod preCondition" time="0.0" classname="com.email.scripts.GetFieldsAcceble">
    <failure type="java.lang.NullPointerException">
      <![CDATA[java.lang.NullPointerException
	at com.email.scripts.SFASuperTestNG.preCondition(SFASuperTestNG.java:45)
	at com.email.scripts.SFA_Main.main(SFA_Main.java:32)
... Removed 23 stack frames]]>
    </failure>
  </testcase> <!-- @BeforeMethod preCondition -->
  <testcase name="@AfterMethod postCondition" time="0.0" classname="com.email.scripts.GetFieldsAcceble">
    <skipped/>
  </testcase> <!-- @AfterMethod postCondition -->
  <testcase name="getFields" time="0.0" classname="com.email.scripts.GetFieldsAcceble">
    <skipped/>
  </testcase> <!-- getFields -->
</testsuite> <!-- Command line test -->
