<?xml version="1.0" encoding="UTF-8"?>
<testng-results skipped="1" failed="0" total="1" passed="0">
  <reporter-output>
  </reporter-output>
  <suite name="Command line suite" duration-ms="16" started-at="2015-12-29T09:08:27Z" finished-at="2015-12-29T09:08:27Z">
    <groups>
    </groups>
    <test name="Command line test" duration-ms="16" started-at="2015-12-29T09:08:27Z" finished-at="2015-12-29T09:08:27Z">
      <class name="com.email.scripts.GetFieldsAcceble">
        <test-method status="FAIL" signature="preCondition()[pri:0, instance:com.email.scripts.GetFieldsAcceble@6be70a]" name="preCondition" is-config="true" duration-ms="0" started-at="2015-12-29T14:38:27Z" finished-at="2015-12-29T14:38:27Z">
          <exception class="java.lang.NullPointerException">
            <full-stacktrace>
              <![CDATA[java.lang.NullPointerException
	at com.email.scripts.SFASuperTestNG.preCondition(SFASuperTestNG.java:45)
	at sun.reflect.NativeMethodAccessorImpl.invoke0(Native Method)
	at sun.reflect.NativeMethodAccessorImpl.invoke(Unknown Source)
	at sun.reflect.DelegatingMethodAccessorImpl.invoke(Unknown Source)
	at java.lang.reflect.Method.invoke(Unknown Source)
	at org.testng.internal.MethodInvocationHelper.invokeMethod(MethodInvocationHelper.java:85)
	at org.testng.internal.Invoker.invokeConfigurationMethod(Invoker.java:510)
	at org.testng.internal.Invoker.invokeConfigurations(Invoker.java:211)
	at org.testng.internal.Invoker.invokeMethod(Invoker.java:585)
	at org.testng.internal.Invoker.invokeTestMethod(Invoker.java:821)
	at org.testng.internal.Invoker.invokeTestMethods(Invoker.java:1131)
	at org.testng.internal.TestMethodWorker.invokeTestMethods(TestMethodWorker.java:124)
	at org.testng.internal.TestMethodWorker.run(TestMethodWorker.java:108)
	at org.testng.TestRunner.privateRun(TestRunner.java:773)
	at org.testng.TestRunner.run(TestRunner.java:623)
	at org.testng.SuiteRunner.runTest(SuiteRunner.java:357)
	at org.testng.SuiteRunner.runSequentially(SuiteRunner.java:352)
	at org.testng.SuiteRunner.privateRun(SuiteRunner.java:310)
	at org.testng.SuiteRunner.run(SuiteRunner.java:259)
	at org.testng.SuiteRunnerWorker.runSuite(SuiteRunnerWorker.java:52)
	at org.testng.SuiteRunnerWorker.run(SuiteRunnerWorker.java:86)
	at org.testng.TestNG.runSuitesSequentially(TestNG.java:1185)
	at org.testng.TestNG.runSuitesLocally(TestNG.java:1110)
	at org.testng.TestNG.run(TestNG.java:1018)
	at com.email.scripts.SFA_Main.main(SFA_Main.java:32)
]]>
            </full-stacktrace>
          </exception> <!-- java.lang.NullPointerException -->
          <reporter-output>
          </reporter-output>
        </test-method> <!-- preCondition -->
        <test-method status="SKIP" signature="getFields()[pri:0, instance:com.email.scripts.GetFieldsAcceble@6be70a]" name="getFields" duration-ms="0" started-at="2015-12-29T14:38:27Z" finished-at="2015-12-29T14:38:27Z">
          <reporter-output>
          </reporter-output>
        </test-method> <!-- getFields -->
        <test-method status="SKIP" signature="postCondition()[pri:0, instance:com.email.scripts.GetFieldsAcceble@6be70a]" name="postCondition" is-config="true" duration-ms="0" started-at="2015-12-29T14:38:27Z" finished-at="2015-12-29T14:38:27Z">
          <reporter-output>
          </reporter-output>
        </test-method> <!-- postCondition -->
      </class> <!-- com.email.scripts.GetFieldsAcceble -->
    </test> <!-- Command line test -->
  </suite> <!-- Command line suite -->
</testng-results>
